{"level":"info","message":"User 65ea1556c8cdc851baa2eb8d logged in successfully.","timestamp":"2024-10-14 03:21:50.468 PM"}
{"level":"info","message":"::1 - - [14/Oct/2024:18:21:50 +0000] \"POST /auth/login HTTP/1.1\" 200 183 \"-\" \"PostmanRuntime/7.42.0\"","timestamp":"2024-10-14 03:21:50.474 PM"}
{"level":"info","message":"Successfully retrieved user info for ID 65ea1556c8cdc851baa2eb8d","timestamp":"2024-10-14 03:23:25.811 PM"}
{"level":"info","message":"::1 - - [14/Oct/2024:18:23:25 +0000] \"GET /auth/profile HTTP/1.1\" 200 64 \"-\" \"PostmanRuntime/7.42.0\"","timestamp":"2024-10-14 03:23:25.812 PM"}
{"level":"info","message":"Token generated for user 65ea1556c8cdc851baa2eb8d.","timestamp":"2024-10-14 03:24:45.993 PM"}
{"level":"info","message":"::1 - - [14/Oct/2024:18:24:46 +0000] \"GET /auth/refresh HTTP/1.1\" 200 183 \"-\" \"PostmanRuntime/7.42.0\"","timestamp":"2024-10-14 03:24:46.000 PM"}
{"level":"info","message":"Token generated for user 65ea1556c8cdc851baa2eb8d.","timestamp":"2024-10-14 03:25:31.213 PM"}
{"level":"info","message":"::1 - - [14/Oct/2024:18:25:31 +0000] \"GET /auth/refresh HTTP/1.1\" 200 183 \"-\" \"PostmanRuntime/7.42.0\"","timestamp":"2024-10-14 03:25:31.214 PM"}
{"level":"info","message":"Token generated for user 65ea1556c8cdc851baa2eb8d.","timestamp":"2024-10-14 03:25:32.916 PM"}
{"level":"info","message":"::1 - - [14/Oct/2024:18:25:32 +0000] \"GET /auth/refresh HTTP/1.1\" 200 183 \"-\" \"PostmanRuntime/7.42.0\"","timestamp":"2024-10-14 03:25:32.917 PM"}
{"level":"info","message":"Token generated for user 65ea1556c8cdc851baa2eb8d.","timestamp":"2024-10-14 03:26:00.466 PM"}
{"level":"info","message":"::1 - - [14/Oct/2024:18:26:00 +0000] \"GET /auth/refresh HTTP/1.1\" 200 183 \"-\" \"PostmanRuntime/7.42.0\"","timestamp":"2024-10-14 03:26:00.467 PM"}
{"level":"info","message":"Token generated for user 65ea1556c8cdc851baa2eb8d.","timestamp":"2024-10-14 03:29:06.112 PM"}
{"level":"info","message":"::1 - - [14/Oct/2024:18:29:06 +0000] \"GET /auth/refresh HTTP/1.1\" 200 183 \"-\" \"PostmanRuntime/7.42.0\"","timestamp":"2024-10-14 03:29:06.119 PM"}
{"level":"info","message":"User 65ea1556c8cdc851baa2eb8d logged in successfully.","timestamp":"2024-10-14 05:38:54.896 PM"}
{"level":"info","message":"::1 - - [14/Oct/2024:20:38:54 +0000] \"POST /auth/login HTTP/1.1\" 200 183 \"-\" \"PostmanRuntime/7.42.0\"","timestamp":"2024-10-14 05:38:54.903 PM"}
{"level":"info","message":"::1 - - [14/Oct/2024:20:39:09 +0000] \"GET /auth/refresh HTTP/1.1\" 500 1491 \"-\" \"PostmanRuntime/7.42.0\"","timestamp":"2024-10-14 05:39:09.964 PM"}
{"level":"info","message":"User 65ea1556c8cdc851baa2eb8d logged in successfully.","timestamp":"2024-10-14 05:39:40.205 PM"}
{"level":"info","message":"::1 - - [14/Oct/2024:20:39:40 +0000] \"POST /auth/login HTTP/1.1\" 200 183 \"-\" \"PostmanRuntime/7.42.0\"","timestamp":"2024-10-14 05:39:40.209 PM"}
{"level":"info","message":"Token generated for user 65ea1556c8cdc851baa2eb8d.","timestamp":"2024-10-14 05:39:46.692 PM"}
{"level":"info","message":"::1 - - [14/Oct/2024:20:39:46 +0000] \"GET /auth/refresh HTTP/1.1\" 200 183 \"-\" \"PostmanRuntime/7.42.0\"","timestamp":"2024-10-14 05:39:46.693 PM"}
{"level":"info","message":"Token generated for user 65ea1556c8cdc851baa2eb8d.","timestamp":"2024-10-14 05:40:13.860 PM"}
{"level":"info","message":"::1 - - [14/Oct/2024:20:40:13 +0000] \"GET /auth/refresh HTTP/1.1\" 200 183 \"-\" \"PostmanRuntime/7.42.0\"","timestamp":"2024-10-14 05:40:13.866 PM"}
